<?xml version="1.0" encoding="UTF-8"?>
<!-- Generated by org.testng.reporters.JUnitReportReporter -->
<testsuite skipped="0" hostname="Bharaths-Mac-mini.local" name="com.restassuredtestng.get.GetBasics" tests="2" failures="0" timestamp="2021-01-10T21:14:14 PST" time="3.841" errors="0">
  <testcase name="getTest2" time="0.335" classname="com.restassuredtestng.get.GetBasics"/>
  <system-out/>
  <testcase name="getTest1" time="3.506" classname="com.restassuredtestng.get.GetBasics"/>
  <system-out/>
</testsuite> <!-- com.restassuredtestng.get.GetBasics -->
